{"C:\\Users\\xjaloldinov\\Documents\\Works\\Samples\\seller.frontend\\src\\utils\\tools.ts": {"path":"C:\\Users\\xjaloldinov\\Documents\\Works\\Samples\\seller.frontend\\src\\utils\\tools.ts","statementMap":{"0":{"start":{"line":1,"column":14},"end":{"line":13,"column":2}},"1":{"start":{"line":3,"column":12},"end":{"line":3,"column":42}},"2":{"start":{"line":4,"column":4},"end":{"line":10,"column":null}},"3":{"start":{"line":9,"column":6},"end":{"line":9,"column":18}},"4":{"start":{"line":11,"column":4},"end":{"line":11,"column":17}},"5":{"start":{"line":15,"column":0},"end":{"line":15,"column":21}}},"fnMap":{"0":{"name":"(anonymous_0)","decl":{"start":{"line":2,"column":2},"end":{"line":2,"column":13}},"loc":{"start":{"line":2,"column":54},"end":{"line":12,"column":3}}}},"branchMap":{"0":{"loc":{"start":{"line":4,"column":4},"end":{"line":10,"column":null}},"type":"if","locations":[{"start":{"line":4,"column":4},"end":{"line":10,"column":null}}]},"1":{"loc":{"start":{"line":5,"column":6},"end":{"line":7,"column":25}},"type":"binary-expr","locations":[{"start":{"line":5,"column":6},"end":{"line":5,"column":30}},{"start":{"line":6,"column":6},"end":{"line":6,"column":32}},{"start":{"line":7,"column":6},"end":{"line":7,"column":25}}]}},"s":{"0":1,"1":2,"2":2,"3":1,"4":1,"5":1},"f":{"0":2},"b":{"0":[1],"1":[2,1,1]}}
}
